#! /usr/bin/vvp
:ivl_version "10.1 (stable)";
:ivl_delay_selection "TYPICAL";
:vpi_time_precision - 10;
:vpi_module "system";
:vpi_module "vhdl_sys";
:vpi_module "v2005_math";
:vpi_module "va_math";
S_0x7ffff502dd40 .scope module, "spi_tb" "spi_tb" 2 4;
 .timescale -9 -10;
v0x7ffff504eac0_0 .net "br", 0 0, L_0x7ffff504f290;  1 drivers
v0x7ffff504eb80_0 .var "load", 0 0;
v0x7ffff504ec20_0 .net "miso", 0 0, L_0x7ffff504f7b0;  1 drivers
v0x7ffff504ecc0_0 .var "mosi", 0 0;
v0x7ffff504ed90_0 .var "sclk", 0 0;
v0x7ffff504ee30_0 .var "ss", 0 0;
v0x7ffff504ef00_0 .var "temp", 7 0;
v0x7ffff504efd0_0 .net "word", 7 0, L_0x7ffff504f4f0;  1 drivers
S_0x7ffff502dec0 .scope module, "U1_spi_tb" "spi" 2 10, 3 1 0, S_0x7ffff502dd40;
 .timescale 0 0;
    .port_info 0 /INPUT 1 "sclk"
    .port_info 1 /INPUT 1 "mosi"
    .port_info 2 /OUTPUT 1 "miso"
    .port_info 3 /INPUT 1 "ss"
    .port_info 4 /INPUT 8 "wordin"
    .port_info 5 /OUTPUT 8 "wordout"
    .port_info 6 /INPUT 1 "load"
    .port_info 7 /OUTPUT 1 "br"
P_0x7ffff5028140 .param/l "B" 0 3 2, +C4<00000000000000000000000000001000>;
v0x7ffff5029770_0 .net *"_s1", 0 0, L_0x7ffff504f0a0;  1 drivers
o0x7f58786a0048 .functor BUFZ 8, C4<zzzzzzzz>; HiZ drive
; Elide local net with no drivers, v0x7ffff50288b0_0 name=_s10
v0x7ffff5027e80_0 .net *"_s15", 0 0, L_0x7ffff504f630;  1 drivers
v0x7ffff504dd50_0 .net *"_s17", 0 0, L_0x7ffff504f710;  1 drivers
o0x7f58786a00d8 .functor BUFZ 1, C4<z>; HiZ drive
; Elide local net with no drivers, v0x7ffff504de30_0 name=_s18
v0x7ffff504df60_0 .net *"_s3", 0 0, L_0x7ffff504f1c0;  1 drivers
o0x7f58786a0138 .functor BUFZ 1, C4<z>; HiZ drive
; Elide local net with no drivers, v0x7ffff504e020_0 name=_s4
v0x7ffff504e100_0 .net *"_s9", 0 0, L_0x7ffff504f420;  1 drivers
v0x7ffff504e1c0_0 .net "br", 0 0, L_0x7ffff504f290;  alias, 1 drivers
v0x7ffff504e280_0 .var "buffer", 7 0;
v0x7ffff504e360_0 .var "counter", 2 0;
v0x7ffff504e440_0 .net "load", 0 0, v0x7ffff504eb80_0;  1 drivers
v0x7ffff504e500_0 .net "miso", 0 0, L_0x7ffff504f7b0;  alias, 1 drivers
v0x7ffff504e5c0_0 .net "mosi", 0 0, v0x7ffff504ecc0_0;  1 drivers
v0x7ffff504e680_0 .net "sclk", 0 0, v0x7ffff504ed90_0;  1 drivers
v0x7ffff504e740_0 .net "ss", 0 0, v0x7ffff504ee30_0;  1 drivers
v0x7ffff504e800_0 .net "wordin", 7 0, v0x7ffff504ef00_0;  1 drivers
v0x7ffff504e8e0_0 .net "wordout", 7 0, L_0x7ffff504f4f0;  alias, 1 drivers
E_0x7ffff501bb50 .event posedge, v0x7ffff504e680_0;
L_0x7ffff504f0a0 .reduce/nor v0x7ffff504ee30_0;
L_0x7ffff504f1c0 .reduce/nor v0x7ffff504e360_0;
L_0x7ffff504f290 .functor MUXZ 1, o0x7f58786a0138, L_0x7ffff504f1c0, L_0x7ffff504f0a0, C4<>;
L_0x7ffff504f420 .reduce/nor v0x7ffff504ee30_0;
L_0x7ffff504f4f0 .functor MUXZ 8, o0x7f58786a0048, v0x7ffff504e280_0, L_0x7ffff504f420, C4<>;
L_0x7ffff504f630 .reduce/nor v0x7ffff504ee30_0;
L_0x7ffff504f710 .part v0x7ffff504e280_0, 0, 1;
L_0x7ffff504f7b0 .functor MUXZ 1, o0x7f58786a00d8, L_0x7ffff504f710, L_0x7ffff504f630, C4<>;
    .scope S_0x7ffff502dec0;
T_0 ;
    %wait E_0x7ffff501bb50;
    %load/vec4 v0x7ffff504e740_0;
    %nor/r;
    %flag_set/vec4 8;
    %jmp/0xz  T_0.0, 8;
    %load/vec4 v0x7ffff504e440_0;
    %load/vec4 v0x7ffff504e360_0;
    %nor/r;
    %and;
    %flag_set/vec4 8;
    %jmp/0xz  T_0.2, 8;
    %load/vec4 v0x7ffff504e800_0;
    %assign/vec4 v0x7ffff504e280_0, 0;
    %jmp T_0.3;
T_0.2 ;
    %load/vec4 v0x7ffff504e5c0_0;
    %load/vec4 v0x7ffff504e280_0;
    %parti/s 7, 1, 2;
    %concat/vec4; draw_concat_vec4
    %assign/vec4 v0x7ffff504e280_0, 0;
T_0.3 ;
    %load/vec4 v0x7ffff504e360_0;
    %addi 1, 0, 3;
    %assign/vec4 v0x7ffff504e360_0, 0;
    %jmp T_0.1;
T_0.0 ;
    %pushi/vec4 0, 0, 3;
    %assign/vec4 v0x7ffff504e360_0, 0;
T_0.1 ;
    %jmp T_0;
    .thread T_0;
    .scope S_0x7ffff502dd40;
T_1 ;
    %vpi_call 2 22 "$dumpfile", "serial_peripheral_interface/output/spi.vcd" {0 0 0};
    %pushi/vec4 0, 0, 1;
    %store/vec4 v0x7ffff504ed90_0, 0, 1;
    %pushi/vec4 0, 0, 1;
    %store/vec4 v0x7ffff504ecc0_0, 0, 1;
    %pushi/vec4 1, 0, 1;
    %store/vec4 v0x7ffff504ee30_0, 0, 1;
    %pushi/vec4 0, 0, 8;
    %store/vec4 v0x7ffff504ef00_0, 0, 8;
    %pushi/vec4 0, 0, 1;
    %store/vec4 v0x7ffff504eb80_0, 0, 1;
    %vpi_call 2 30 "$dumpvars" {0 0 0};
    %delay 360, 0;
    %vpi_call 2 31 "$finish" {0 0 0};
    %end;
    .thread T_1;
    .scope S_0x7ffff502dd40;
T_2 ;
    %delay 10, 0;
    %load/vec4 v0x7ffff504ed90_0;
    %inv;
    %store/vec4 v0x7ffff504ed90_0, 0, 1;
    %jmp T_2;
    .thread T_2;
    .scope S_0x7ffff502dd40;
T_3 ;
    %delay 5, 0;
    %pushi/vec4 0, 0, 1;
    %store/vec4 v0x7ffff504ee30_0, 0, 1;
    %delay 5, 0;
    %pushi/vec4 1, 0, 1;
    %store/vec4 v0x7ffff504ecc0_0, 0, 1;
    %delay 20, 0;
    %pushi/vec4 0, 0, 1;
    %store/vec4 v0x7ffff504ecc0_0, 0, 1;
    %delay 20, 0;
    %pushi/vec4 0, 0, 1;
    %store/vec4 v0x7ffff504ecc0_0, 0, 1;
    %delay 20, 0;
    %pushi/vec4 1, 0, 1;
    %store/vec4 v0x7ffff504ecc0_0, 0, 1;
    %delay 20, 0;
    %pushi/vec4 1, 0, 1;
    %store/vec4 v0x7ffff504ecc0_0, 0, 1;
    %delay 20, 0;
    %pushi/vec4 1, 0, 1;
    %store/vec4 v0x7ffff504ecc0_0, 0, 1;
    %delay 20, 0;
    %pushi/vec4 0, 0, 1;
    %store/vec4 v0x7ffff504ecc0_0, 0, 1;
    %delay 20, 0;
    %pushi/vec4 1, 0, 1;
    %store/vec4 v0x7ffff504ecc0_0, 0, 1;
    %delay 20, 0;
    %pushi/vec4 1, 0, 1;
    %store/vec4 v0x7ffff504eb80_0, 0, 1;
    %pushi/vec4 149, 0, 8;
    %store/vec4 v0x7ffff504ef00_0, 0, 8;
    %pushi/vec4 0, 0, 1;
    %store/vec4 v0x7ffff504ecc0_0, 0, 1;
    %delay 20, 0;
    %pushi/vec4 0, 0, 1;
    %store/vec4 v0x7ffff504eb80_0, 0, 1;
    %pushi/vec4 0, 0, 8;
    %store/vec4 v0x7ffff504ef00_0, 0, 8;
    %delay 140, 0;
    %pushi/vec4 1, 0, 1;
    %store/vec4 v0x7ffff504eb80_0, 0, 1;
    %pushi/vec4 128, 0, 8;
    %store/vec4 v0x7ffff504ef00_0, 0, 8;
    %delay 20, 0;
    %pushi/vec4 0, 0, 1;
    %store/vec4 v0x7ffff504eb80_0, 0, 1;
    %pushi/vec4 0, 0, 8;
    %store/vec4 v0x7ffff504ef00_0, 0, 8;
    %end;
    .thread T_3;
# The file index is used to find the file name in the following table.
:file_names 4;
    "N/A";
    "<interactive>";
    "/home/alfatheo/dds/serial_peripheral_interface/spi_tb.v";
    "./serial_peripheral_interface/spi.v";
